<?xml version="1.0" encoding="utf-8"?><testsuites><testsuite errors="0" failures="0" hostname="KRANLAPPY" name="pytest" skipped="0" tests="3" time="148.060" timestamp="2020-10-05T12:18:44.470757"><testcase classname="test_E2E.TestOne" file="test_E2E.py" line="15" name="test_e2e" time="114.069"></testcase><testcase classname="test_HomePage.TestHomePage" file="test_HomePage.py" line="11" name="test_formSubmission[getData0]" time="20.699"></testcase><testcase classname="test_HomePage.TestHomePage" file="test_HomePage.py" line="11" name="test_formSubmission[getData1]" time="11.404"></testcase></testsuite></testsuites>